ERROR - 2024-11-06 02:04:15 --> Error connecting to the database: mysqli_sql_exception: No se puede establecer una conexión ya que el equipo de destino denegó expresamente dicha conexión in C:\wamp64\www\crowdfounding\system\Database\MySQLi\Connection.php:186
Stack trace:
#0 C:\wamp64\www\crowdfounding\system\Database\MySQLi\Connection.php(186): mysqli->real_connect('localhost', 'root', Object(SensitiveParameterValue), 'crowdfunding', 3308, '', 0)
#1 C:\wamp64\www\crowdfounding\system\Database\BaseConnection.php(421): CodeIgniter\Database\MySQLi\Connection->connect(false)
#2 C:\wamp64\www\crowdfounding\system\Database\BaseConnection.php(616): CodeIgniter\Database\BaseConnection->initialize()
#3 C:\wamp64\www\crowdfounding\system\Database\BaseBuilder.php(1644): CodeIgniter\Database\BaseConnection->query('SELECT `proyect...', Array, false)
#4 C:\wamp64\www\crowdfounding\app\Models\ProjectModel.php(31): CodeIgniter\Database\BaseBuilder->get()
#5 C:\wamp64\www\crowdfounding\app\Controllers\ProjectController.php(12): App\Models\ProjectModel->getProjects()
#6 C:\wamp64\www\crowdfounding\system\CodeIgniter.php(933): App\Controllers\ProjectController->list()
#7 C:\wamp64\www\crowdfounding\system\CodeIgniter.php(509): CodeIgniter\CodeIgniter->runController(Object(App\Controllers\ProjectController))
#8 C:\wamp64\www\crowdfounding\system\CodeIgniter.php(355): CodeIgniter\CodeIgniter->handleRequest(NULL, Object(Config\Cache), false)
#9 C:\wamp64\www\crowdfounding\system\Boot.php(325): CodeIgniter\CodeIgniter->run()
#10 C:\wamp64\www\crowdfounding\system\Boot.php(67): CodeIgniter\Boot::runCodeIgniter(Object(CodeIgniter\CodeIgniter))
#11 C:\wamp64\www\crowdfounding\public\index.php(56): CodeIgniter\Boot::bootWeb(Object(Config\Paths))
#12 {main}

Next CodeIgniter\Database\Exceptions\DatabaseException: No se puede establecer una conexión ya que el equipo de destino denegó expresamente dicha conexión in C:\wamp64\www\crowdfounding\system\Database\MySQLi\Connection.php:231
Stack trace:
#0 C:\wamp64\www\crowdfounding\system\Database\BaseConnection.php(421): CodeIgniter\Database\MySQLi\Connection->connect(false)
#1 C:\wamp64\www\crowdfounding\system\Database\BaseConnection.php(616): CodeIgniter\Database\BaseConnection->initialize()
#2 C:\wamp64\www\crowdfounding\system\Database\BaseBuilder.php(1644): CodeIgniter\Database\BaseConnection->query('SELECT `proyect...', Array, false)
#3 C:\wamp64\www\crowdfounding\app\Models\ProjectModel.php(31): CodeIgniter\Database\BaseBuilder->get()
#4 C:\wamp64\www\crowdfounding\app\Controllers\ProjectController.php(12): App\Models\ProjectModel->getProjects()
#5 C:\wamp64\www\crowdfounding\system\CodeIgniter.php(933): App\Controllers\ProjectController->list()
#6 C:\wamp64\www\crowdfounding\system\CodeIgniter.php(509): CodeIgniter\CodeIgniter->runController(Object(App\Controllers\ProjectController))
#7 C:\wamp64\www\crowdfounding\system\CodeIgniter.php(355): CodeIgniter\CodeIgniter->handleRequest(NULL, Object(Config\Cache), false)
#8 C:\wamp64\www\crowdfounding\system\Boot.php(325): CodeIgniter\CodeIgniter->run()
#9 C:\wamp64\www\crowdfounding\system\Boot.php(67): CodeIgniter\Boot::runCodeIgniter(Object(CodeIgniter\CodeIgniter))
#10 C:\wamp64\www\crowdfounding\public\index.php(56): CodeIgniter\Boot::bootWeb(Object(Config\Paths))
#11 {main}
CRITICAL - 2024-11-06 02:04:15 --> CodeIgniter\Database\Exceptions\DatabaseException: Unable to connect to the database.
Main connection [MySQLi]: No se puede establecer una conexión ya que el equipo de destino denegó expresamente dicha conexión
[Method: GET, Route: MyProjects]
in SYSTEMPATH\Database\BaseConnection.php on line 467.
 1 SYSTEMPATH\Database\BaseConnection.php(616): CodeIgniter\Database\BaseConnection->initialize()
 2 SYSTEMPATH\Database\BaseBuilder.php(1644): CodeIgniter\Database\BaseConnection->query('SELECT `proyectos`.*
FROM `proyectos`', [], false)
 3 APPPATH\Models\ProjectModel.php(31): CodeIgniter\Database\BaseBuilder->get()
 4 APPPATH\Controllers\ProjectController.php(12): App\Models\ProjectModel->getProjects()
 5 SYSTEMPATH\CodeIgniter.php(933): App\Controllers\ProjectController->list()
 6 SYSTEMPATH\CodeIgniter.php(509): CodeIgniter\CodeIgniter->runController(Object(App\Controllers\ProjectController))
 7 SYSTEMPATH\CodeIgniter.php(355): CodeIgniter\CodeIgniter->handleRequest(null, Object(Config\Cache), false)
 8 SYSTEMPATH\Boot.php(325): CodeIgniter\CodeIgniter->run()
 9 SYSTEMPATH\Boot.php(67): CodeIgniter\Boot::runCodeIgniter(Object(CodeIgniter\CodeIgniter))
10 FCPATH\index.php(56): CodeIgniter\Boot::bootWeb(Object(Config\Paths))
ERROR - 2024-11-06 02:06:02 --> Error connecting to the database: mysqli_sql_exception: No se puede establecer una conexión ya que el equipo de destino denegó expresamente dicha conexión in C:\wamp64\www\crowdfounding\system\Database\MySQLi\Connection.php:186
Stack trace:
#0 C:\wamp64\www\crowdfounding\system\Database\MySQLi\Connection.php(186): mysqli->real_connect('localhost', 'root', Object(SensitiveParameterValue), 'crowdfunding', 3308, '', 0)
#1 C:\wamp64\www\crowdfounding\system\Database\BaseConnection.php(421): CodeIgniter\Database\MySQLi\Connection->connect(false)
#2 C:\wamp64\www\crowdfounding\system\Database\BaseConnection.php(616): CodeIgniter\Database\BaseConnection->initialize()
#3 C:\wamp64\www\crowdfounding\system\Database\BaseBuilder.php(1644): CodeIgniter\Database\BaseConnection->query('SELECT `proyect...', Array, false)
#4 C:\wamp64\www\crowdfounding\app\Models\ProjectModel.php(31): CodeIgniter\Database\BaseBuilder->get()
#5 C:\wamp64\www\crowdfounding\app\Controllers\ProjectController.php(12): App\Models\ProjectModel->getProjects()
#6 C:\wamp64\www\crowdfounding\system\CodeIgniter.php(933): App\Controllers\ProjectController->list()
#7 C:\wamp64\www\crowdfounding\system\CodeIgniter.php(509): CodeIgniter\CodeIgniter->runController(Object(App\Controllers\ProjectController))
#8 C:\wamp64\www\crowdfounding\system\CodeIgniter.php(355): CodeIgniter\CodeIgniter->handleRequest(NULL, Object(Config\Cache), false)
#9 C:\wamp64\www\crowdfounding\system\Boot.php(325): CodeIgniter\CodeIgniter->run()
#10 C:\wamp64\www\crowdfounding\system\Boot.php(67): CodeIgniter\Boot::runCodeIgniter(Object(CodeIgniter\CodeIgniter))
#11 C:\wamp64\www\crowdfounding\public\index.php(56): CodeIgniter\Boot::bootWeb(Object(Config\Paths))
#12 {main}

Next CodeIgniter\Database\Exceptions\DatabaseException: No se puede establecer una conexión ya que el equipo de destino denegó expresamente dicha conexión in C:\wamp64\www\crowdfounding\system\Database\MySQLi\Connection.php:231
Stack trace:
#0 C:\wamp64\www\crowdfounding\system\Database\BaseConnection.php(421): CodeIgniter\Database\MySQLi\Connection->connect(false)
#1 C:\wamp64\www\crowdfounding\system\Database\BaseConnection.php(616): CodeIgniter\Database\BaseConnection->initialize()
#2 C:\wamp64\www\crowdfounding\system\Database\BaseBuilder.php(1644): CodeIgniter\Database\BaseConnection->query('SELECT `proyect...', Array, false)
#3 C:\wamp64\www\crowdfounding\app\Models\ProjectModel.php(31): CodeIgniter\Database\BaseBuilder->get()
#4 C:\wamp64\www\crowdfounding\app\Controllers\ProjectController.php(12): App\Models\ProjectModel->getProjects()
#5 C:\wamp64\www\crowdfounding\system\CodeIgniter.php(933): App\Controllers\ProjectController->list()
#6 C:\wamp64\www\crowdfounding\system\CodeIgniter.php(509): CodeIgniter\CodeIgniter->runController(Object(App\Controllers\ProjectController))
#7 C:\wamp64\www\crowdfounding\system\CodeIgniter.php(355): CodeIgniter\CodeIgniter->handleRequest(NULL, Object(Config\Cache), false)
#8 C:\wamp64\www\crowdfounding\system\Boot.php(325): CodeIgniter\CodeIgniter->run()
#9 C:\wamp64\www\crowdfounding\system\Boot.php(67): CodeIgniter\Boot::runCodeIgniter(Object(CodeIgniter\CodeIgniter))
#10 C:\wamp64\www\crowdfounding\public\index.php(56): CodeIgniter\Boot::bootWeb(Object(Config\Paths))
#11 {main}
CRITICAL - 2024-11-06 02:06:02 --> CodeIgniter\Database\Exceptions\DatabaseException: Unable to connect to the database.
Main connection [MySQLi]: No se puede establecer una conexión ya que el equipo de destino denegó expresamente dicha conexión
[Method: GET, Route: MyProjects]
in SYSTEMPATH\Database\BaseConnection.php on line 467.
 1 SYSTEMPATH\Database\BaseConnection.php(616): CodeIgniter\Database\BaseConnection->initialize()
 2 SYSTEMPATH\Database\BaseBuilder.php(1644): CodeIgniter\Database\BaseConnection->query('SELECT `proyectos`.*
FROM `proyectos`', [], false)
 3 APPPATH\Models\ProjectModel.php(31): CodeIgniter\Database\BaseBuilder->get()
 4 APPPATH\Controllers\ProjectController.php(12): App\Models\ProjectModel->getProjects()
 5 SYSTEMPATH\CodeIgniter.php(933): App\Controllers\ProjectController->list()
 6 SYSTEMPATH\CodeIgniter.php(509): CodeIgniter\CodeIgniter->runController(Object(App\Controllers\ProjectController))
 7 SYSTEMPATH\CodeIgniter.php(355): CodeIgniter\CodeIgniter->handleRequest(null, Object(Config\Cache), false)
 8 SYSTEMPATH\Boot.php(325): CodeIgniter\CodeIgniter->run()
 9 SYSTEMPATH\Boot.php(67): CodeIgniter\Boot::runCodeIgniter(Object(CodeIgniter\CodeIgniter))
10 FCPATH\index.php(56): CodeIgniter\Boot::bootWeb(Object(Config\Paths))
<<<<<<< HEAD
CRITICAL - 2024-11-06 22:58:09 --> BadMethodCallException: Call to undefined method App\Models\ProjectModel::setProject
[Method: POST, Route: saveProject]
in SYSTEMPATH\Model.php on line 932.
 1 APPPATH\Controllers\ProjectController.php(55): CodeIgniter\Model->__call('setProject', [...])
 2 SYSTEMPATH\CodeIgniter.php(933): App\Controllers\ProjectController->saveProject()
 3 SYSTEMPATH\CodeIgniter.php(509): CodeIgniter\CodeIgniter->runController(Object(App\Controllers\ProjectController))
 4 SYSTEMPATH\CodeIgniter.php(355): CodeIgniter\CodeIgniter->handleRequest(null, Object(Config\Cache), false)
 5 SYSTEMPATH\Boot.php(325): CodeIgniter\CodeIgniter->run()
 6 SYSTEMPATH\Boot.php(67): CodeIgniter\Boot::runCodeIgniter(Object(CodeIgniter\CodeIgniter))
 7 FCPATH\index.php(56): CodeIgniter\Boot::bootWeb(Object(Config\Paths))
INFO - 2024-11-06 23:00:37 --> Session: Class initialized using 'CodeIgniter\Session\Handlers\FileHandler' driver.
INFO - 2024-11-06 23:04:13 --> Session: Class initialized using 'CodeIgniter\Session\Handlers\FileHandler' driver.
INFO - 2024-11-06 23:19:53 --> Session: Class initialized using 'CodeIgniter\Session\Handlers\FileHandler' driver.
=======
ERROR - 2024-11-06 22:51:29 --> mysqli_sql_exception: Table 'crowdfunding.proyectos' doesn't exist in C:\wamp64\www\crowdfounding\system\Database\MySQLi\Connection.php:312
Stack trace:
#0 C:\wamp64\www\crowdfounding\system\Database\MySQLi\Connection.php(312): mysqli->query('SELECT `proyect...', 0)
#1 C:\wamp64\www\crowdfounding\system\Database\BaseConnection.php(734): CodeIgniter\Database\MySQLi\Connection->execute('SELECT `proyect...')
#2 C:\wamp64\www\crowdfounding\system\Database\BaseConnection.php(648): CodeIgniter\Database\BaseConnection->simpleQuery('SELECT `proyect...')
#3 C:\wamp64\www\crowdfounding\system\Database\BaseBuilder.php(1644): CodeIgniter\Database\BaseConnection->query('SELECT `proyect...', Array, false)
#4 C:\wamp64\www\crowdfounding\app\Models\ProjectModel.php(32): CodeIgniter\Database\BaseBuilder->get()
#5 C:\wamp64\www\crowdfounding\app\Controllers\ProjectController.php(14): App\Models\ProjectModel->getProjects()
#6 C:\wamp64\www\crowdfounding\system\CodeIgniter.php(933): App\Controllers\ProjectController->list()
#7 C:\wamp64\www\crowdfounding\system\CodeIgniter.php(509): CodeIgniter\CodeIgniter->runController(Object(App\Controllers\ProjectController))
#8 C:\wamp64\www\crowdfounding\system\CodeIgniter.php(355): CodeIgniter\CodeIgniter->handleRequest(NULL, Object(Config\Cache), false)
#9 C:\wamp64\www\crowdfounding\system\Boot.php(325): CodeIgniter\CodeIgniter->run()
#10 C:\wamp64\www\crowdfounding\system\Boot.php(67): CodeIgniter\Boot::runCodeIgniter(Object(CodeIgniter\CodeIgniter))
#11 C:\wamp64\www\crowdfounding\public\index.php(56): CodeIgniter\Boot::bootWeb(Object(Config\Paths))
#12 {main}
CRITICAL - 2024-11-06 22:51:29 --> CodeIgniter\Database\Exceptions\DatabaseException: Table 'crowdfunding.proyectos' doesn't exist
[Method: GET, Route: myprojects]
in SYSTEMPATH\Database\BaseConnection.php on line 688.
 1 SYSTEMPATH\Database\BaseBuilder.php(1644): CodeIgniter\Database\BaseConnection->query('SELECT `proyectos`.*
FROM `proyectos`', [], false)
 2 APPPATH\Models\ProjectModel.php(32): CodeIgniter\Database\BaseBuilder->get()
 3 APPPATH\Controllers\ProjectController.php(14): App\Models\ProjectModel->getProjects()
 4 SYSTEMPATH\CodeIgniter.php(933): App\Controllers\ProjectController->list()
 5 SYSTEMPATH\CodeIgniter.php(509): CodeIgniter\CodeIgniter->runController(Object(App\Controllers\ProjectController))
 6 SYSTEMPATH\CodeIgniter.php(355): CodeIgniter\CodeIgniter->handleRequest(null, Object(Config\Cache), false)
 7 SYSTEMPATH\Boot.php(325): CodeIgniter\CodeIgniter->run()
 8 SYSTEMPATH\Boot.php(67): CodeIgniter\Boot::runCodeIgniter(Object(CodeIgniter\CodeIgniter))
 9 FCPATH\index.php(56): CodeIgniter\Boot::bootWeb(Object(Config\Paths))
CRITICAL - 2024-11-06 22:51:29 --> [Caused by] CodeIgniter\Database\Exceptions\DatabaseException: Table 'crowdfunding.proyectos' doesn't exist
in SYSTEMPATH\Database\MySQLi\Connection.php on line 317.
 1 SYSTEMPATH\Database\BaseConnection.php(734): CodeIgniter\Database\MySQLi\Connection->execute('SELECT `proyectos`.*
FROM `proyectos`')
 2 SYSTEMPATH\Database\BaseConnection.php(648): CodeIgniter\Database\BaseConnection->simpleQuery('SELECT `proyectos`.*
FROM `proyectos`')
 3 SYSTEMPATH\Database\BaseBuilder.php(1644): CodeIgniter\Database\BaseConnection->query('SELECT `proyectos`.*
FROM `proyectos`', [], false)
 4 APPPATH\Models\ProjectModel.php(32): CodeIgniter\Database\BaseBuilder->get()
 5 APPPATH\Controllers\ProjectController.php(14): App\Models\ProjectModel->getProjects()
 6 SYSTEMPATH\CodeIgniter.php(933): App\Controllers\ProjectController->list()
 7 SYSTEMPATH\CodeIgniter.php(509): CodeIgniter\CodeIgniter->runController(Object(App\Controllers\ProjectController))
 8 SYSTEMPATH\CodeIgniter.php(355): CodeIgniter\CodeIgniter->handleRequest(null, Object(Config\Cache), false)
 9 SYSTEMPATH\Boot.php(325): CodeIgniter\CodeIgniter->run()
10 SYSTEMPATH\Boot.php(67): CodeIgniter\Boot::runCodeIgniter(Object(CodeIgniter\CodeIgniter))
11 FCPATH\index.php(56): CodeIgniter\Boot::bootWeb(Object(Config\Paths))
CRITICAL - 2024-11-06 22:51:29 --> [Caused by] mysqli_sql_exception: Table 'crowdfunding.proyectos' doesn't exist
in SYSTEMPATH\Database\MySQLi\Connection.php on line 312.
 1 SYSTEMPATH\Database\MySQLi\Connection.php(312): mysqli->query('SELECT `proyectos`.*
FROM `proyectos`', 0)
 2 SYSTEMPATH\Database\BaseConnection.php(734): CodeIgniter\Database\MySQLi\Connection->execute('SELECT `proyectos`.*
FROM `proyectos`')
 3 SYSTEMPATH\Database\BaseConnection.php(648): CodeIgniter\Database\BaseConnection->simpleQuery('SELECT `proyectos`.*
FROM `proyectos`')
 4 SYSTEMPATH\Database\BaseBuilder.php(1644): CodeIgniter\Database\BaseConnection->query('SELECT `proyectos`.*
FROM `proyectos`', [], false)
 5 APPPATH\Models\ProjectModel.php(32): CodeIgniter\Database\BaseBuilder->get()
 6 APPPATH\Controllers\ProjectController.php(14): App\Models\ProjectModel->getProjects()
 7 SYSTEMPATH\CodeIgniter.php(933): App\Controllers\ProjectController->list()
 8 SYSTEMPATH\CodeIgniter.php(509): CodeIgniter\CodeIgniter->runController(Object(App\Controllers\ProjectController))
 9 SYSTEMPATH\CodeIgniter.php(355): CodeIgniter\CodeIgniter->handleRequest(null, Object(Config\Cache), false)
10 SYSTEMPATH\Boot.php(325): CodeIgniter\CodeIgniter->run()
11 SYSTEMPATH\Boot.php(67): CodeIgniter\Boot::runCodeIgniter(Object(CodeIgniter\CodeIgniter))
12 FCPATH\index.php(56): CodeIgniter\Boot::bootWeb(Object(Config\Paths))
ERROR - 2024-11-06 22:53:17 --> mysqli_sql_exception: Table 'crowdfunding.proyectos' doesn't exist in C:\wamp64\www\crowdfounding\system\Database\MySQLi\Connection.php:312
Stack trace:
#0 C:\wamp64\www\crowdfounding\system\Database\MySQLi\Connection.php(312): mysqli->query('SELECT `proyect...', 0)
#1 C:\wamp64\www\crowdfounding\system\Database\BaseConnection.php(734): CodeIgniter\Database\MySQLi\Connection->execute('SELECT `proyect...')
#2 C:\wamp64\www\crowdfounding\system\Database\BaseConnection.php(648): CodeIgniter\Database\BaseConnection->simpleQuery('SELECT `proyect...')
#3 C:\wamp64\www\crowdfounding\system\Database\BaseBuilder.php(1644): CodeIgniter\Database\BaseConnection->query('SELECT `proyect...', Array, false)
#4 C:\wamp64\www\crowdfounding\app\Models\ProjectModel.php(32): CodeIgniter\Database\BaseBuilder->get()
#5 C:\wamp64\www\crowdfounding\app\Controllers\ProjectController.php(14): App\Models\ProjectModel->getProjects()
#6 C:\wamp64\www\crowdfounding\system\CodeIgniter.php(933): App\Controllers\ProjectController->list()
#7 C:\wamp64\www\crowdfounding\system\CodeIgniter.php(509): CodeIgniter\CodeIgniter->runController(Object(App\Controllers\ProjectController))
#8 C:\wamp64\www\crowdfounding\system\CodeIgniter.php(355): CodeIgniter\CodeIgniter->handleRequest(NULL, Object(Config\Cache), false)
#9 C:\wamp64\www\crowdfounding\system\Boot.php(325): CodeIgniter\CodeIgniter->run()
#10 C:\wamp64\www\crowdfounding\system\Boot.php(67): CodeIgniter\Boot::runCodeIgniter(Object(CodeIgniter\CodeIgniter))
#11 C:\wamp64\www\crowdfounding\public\index.php(56): CodeIgniter\Boot::bootWeb(Object(Config\Paths))
#12 {main}
CRITICAL - 2024-11-06 22:53:17 --> CodeIgniter\Database\Exceptions\DatabaseException: Table 'crowdfunding.proyectos' doesn't exist
[Method: GET, Route: myprojects]
in SYSTEMPATH\Database\BaseConnection.php on line 688.
 1 SYSTEMPATH\Database\BaseBuilder.php(1644): CodeIgniter\Database\BaseConnection->query('SELECT `proyectos`.*
FROM `proyectos`', [], false)
 2 APPPATH\Models\ProjectModel.php(32): CodeIgniter\Database\BaseBuilder->get()
 3 APPPATH\Controllers\ProjectController.php(14): App\Models\ProjectModel->getProjects()
 4 SYSTEMPATH\CodeIgniter.php(933): App\Controllers\ProjectController->list()
 5 SYSTEMPATH\CodeIgniter.php(509): CodeIgniter\CodeIgniter->runController(Object(App\Controllers\ProjectController))
 6 SYSTEMPATH\CodeIgniter.php(355): CodeIgniter\CodeIgniter->handleRequest(null, Object(Config\Cache), false)
 7 SYSTEMPATH\Boot.php(325): CodeIgniter\CodeIgniter->run()
 8 SYSTEMPATH\Boot.php(67): CodeIgniter\Boot::runCodeIgniter(Object(CodeIgniter\CodeIgniter))
 9 FCPATH\index.php(56): CodeIgniter\Boot::bootWeb(Object(Config\Paths))
CRITICAL - 2024-11-06 22:53:17 --> [Caused by] CodeIgniter\Database\Exceptions\DatabaseException: Table 'crowdfunding.proyectos' doesn't exist
in SYSTEMPATH\Database\MySQLi\Connection.php on line 317.
 1 SYSTEMPATH\Database\BaseConnection.php(734): CodeIgniter\Database\MySQLi\Connection->execute('SELECT `proyectos`.*
FROM `proyectos`')
 2 SYSTEMPATH\Database\BaseConnection.php(648): CodeIgniter\Database\BaseConnection->simpleQuery('SELECT `proyectos`.*
FROM `proyectos`')
 3 SYSTEMPATH\Database\BaseBuilder.php(1644): CodeIgniter\Database\BaseConnection->query('SELECT `proyectos`.*
FROM `proyectos`', [], false)
 4 APPPATH\Models\ProjectModel.php(32): CodeIgniter\Database\BaseBuilder->get()
 5 APPPATH\Controllers\ProjectController.php(14): App\Models\ProjectModel->getProjects()
 6 SYSTEMPATH\CodeIgniter.php(933): App\Controllers\ProjectController->list()
 7 SYSTEMPATH\CodeIgniter.php(509): CodeIgniter\CodeIgniter->runController(Object(App\Controllers\ProjectController))
 8 SYSTEMPATH\CodeIgniter.php(355): CodeIgniter\CodeIgniter->handleRequest(null, Object(Config\Cache), false)
 9 SYSTEMPATH\Boot.php(325): CodeIgniter\CodeIgniter->run()
10 SYSTEMPATH\Boot.php(67): CodeIgniter\Boot::runCodeIgniter(Object(CodeIgniter\CodeIgniter))
11 FCPATH\index.php(56): CodeIgniter\Boot::bootWeb(Object(Config\Paths))
CRITICAL - 2024-11-06 22:53:17 --> [Caused by] mysqli_sql_exception: Table 'crowdfunding.proyectos' doesn't exist
in SYSTEMPATH\Database\MySQLi\Connection.php on line 312.
 1 SYSTEMPATH\Database\MySQLi\Connection.php(312): mysqli->query('SELECT `proyectos`.*
FROM `proyectos`', 0)
 2 SYSTEMPATH\Database\BaseConnection.php(734): CodeIgniter\Database\MySQLi\Connection->execute('SELECT `proyectos`.*
FROM `proyectos`')
 3 SYSTEMPATH\Database\BaseConnection.php(648): CodeIgniter\Database\BaseConnection->simpleQuery('SELECT `proyectos`.*
FROM `proyectos`')
 4 SYSTEMPATH\Database\BaseBuilder.php(1644): CodeIgniter\Database\BaseConnection->query('SELECT `proyectos`.*
FROM `proyectos`', [], false)
 5 APPPATH\Models\ProjectModel.php(32): CodeIgniter\Database\BaseBuilder->get()
 6 APPPATH\Controllers\ProjectController.php(14): App\Models\ProjectModel->getProjects()
 7 SYSTEMPATH\CodeIgniter.php(933): App\Controllers\ProjectController->list()
 8 SYSTEMPATH\CodeIgniter.php(509): CodeIgniter\CodeIgniter->runController(Object(App\Controllers\ProjectController))
 9 SYSTEMPATH\CodeIgniter.php(355): CodeIgniter\CodeIgniter->handleRequest(null, Object(Config\Cache), false)
10 SYSTEMPATH\Boot.php(325): CodeIgniter\CodeIgniter->run()
11 SYSTEMPATH\Boot.php(67): CodeIgniter\Boot::runCodeIgniter(Object(CodeIgniter\CodeIgniter))
12 FCPATH\index.php(56): CodeIgniter\Boot::bootWeb(Object(Config\Paths))
ERROR - 2024-11-06 22:53:19 --> mysqli_sql_exception: Table 'crowdfunding.proyectos' doesn't exist in C:\wamp64\www\crowdfounding\system\Database\MySQLi\Connection.php:312
Stack trace:
#0 C:\wamp64\www\crowdfounding\system\Database\MySQLi\Connection.php(312): mysqli->query('SELECT `proyect...', 0)
#1 C:\wamp64\www\crowdfounding\system\Database\BaseConnection.php(734): CodeIgniter\Database\MySQLi\Connection->execute('SELECT `proyect...')
#2 C:\wamp64\www\crowdfounding\system\Database\BaseConnection.php(648): CodeIgniter\Database\BaseConnection->simpleQuery('SELECT `proyect...')
#3 C:\wamp64\www\crowdfounding\system\Database\BaseBuilder.php(1644): CodeIgniter\Database\BaseConnection->query('SELECT `proyect...', Array, false)
#4 C:\wamp64\www\crowdfounding\app\Models\ProjectModel.php(32): CodeIgniter\Database\BaseBuilder->get()
#5 C:\wamp64\www\crowdfounding\app\Controllers\ProjectController.php(14): App\Models\ProjectModel->getProjects()
#6 C:\wamp64\www\crowdfounding\system\CodeIgniter.php(933): App\Controllers\ProjectController->list()
#7 C:\wamp64\www\crowdfounding\system\CodeIgniter.php(509): CodeIgniter\CodeIgniter->runController(Object(App\Controllers\ProjectController))
#8 C:\wamp64\www\crowdfounding\system\CodeIgniter.php(355): CodeIgniter\CodeIgniter->handleRequest(NULL, Object(Config\Cache), false)
#9 C:\wamp64\www\crowdfounding\system\Boot.php(325): CodeIgniter\CodeIgniter->run()
#10 C:\wamp64\www\crowdfounding\system\Boot.php(67): CodeIgniter\Boot::runCodeIgniter(Object(CodeIgniter\CodeIgniter))
#11 C:\wamp64\www\crowdfounding\public\index.php(56): CodeIgniter\Boot::bootWeb(Object(Config\Paths))
#12 {main}
CRITICAL - 2024-11-06 22:53:19 --> CodeIgniter\Database\Exceptions\DatabaseException: Table 'crowdfunding.proyectos' doesn't exist
[Method: GET, Route: myprojects]
in SYSTEMPATH\Database\BaseConnection.php on line 688.
 1 SYSTEMPATH\Database\BaseBuilder.php(1644): CodeIgniter\Database\BaseConnection->query('SELECT `proyectos`.*
FROM `proyectos`', [], false)
 2 APPPATH\Models\ProjectModel.php(32): CodeIgniter\Database\BaseBuilder->get()
 3 APPPATH\Controllers\ProjectController.php(14): App\Models\ProjectModel->getProjects()
 4 SYSTEMPATH\CodeIgniter.php(933): App\Controllers\ProjectController->list()
 5 SYSTEMPATH\CodeIgniter.php(509): CodeIgniter\CodeIgniter->runController(Object(App\Controllers\ProjectController))
 6 SYSTEMPATH\CodeIgniter.php(355): CodeIgniter\CodeIgniter->handleRequest(null, Object(Config\Cache), false)
 7 SYSTEMPATH\Boot.php(325): CodeIgniter\CodeIgniter->run()
 8 SYSTEMPATH\Boot.php(67): CodeIgniter\Boot::runCodeIgniter(Object(CodeIgniter\CodeIgniter))
 9 FCPATH\index.php(56): CodeIgniter\Boot::bootWeb(Object(Config\Paths))
CRITICAL - 2024-11-06 22:53:19 --> [Caused by] CodeIgniter\Database\Exceptions\DatabaseException: Table 'crowdfunding.proyectos' doesn't exist
in SYSTEMPATH\Database\MySQLi\Connection.php on line 317.
 1 SYSTEMPATH\Database\BaseConnection.php(734): CodeIgniter\Database\MySQLi\Connection->execute('SELECT `proyectos`.*
FROM `proyectos`')
 2 SYSTEMPATH\Database\BaseConnection.php(648): CodeIgniter\Database\BaseConnection->simpleQuery('SELECT `proyectos`.*
FROM `proyectos`')
 3 SYSTEMPATH\Database\BaseBuilder.php(1644): CodeIgniter\Database\BaseConnection->query('SELECT `proyectos`.*
FROM `proyectos`', [], false)
 4 APPPATH\Models\ProjectModel.php(32): CodeIgniter\Database\BaseBuilder->get()
 5 APPPATH\Controllers\ProjectController.php(14): App\Models\ProjectModel->getProjects()
 6 SYSTEMPATH\CodeIgniter.php(933): App\Controllers\ProjectController->list()
 7 SYSTEMPATH\CodeIgniter.php(509): CodeIgniter\CodeIgniter->runController(Object(App\Controllers\ProjectController))
 8 SYSTEMPATH\CodeIgniter.php(355): CodeIgniter\CodeIgniter->handleRequest(null, Object(Config\Cache), false)
 9 SYSTEMPATH\Boot.php(325): CodeIgniter\CodeIgniter->run()
10 SYSTEMPATH\Boot.php(67): CodeIgniter\Boot::runCodeIgniter(Object(CodeIgniter\CodeIgniter))
11 FCPATH\index.php(56): CodeIgniter\Boot::bootWeb(Object(Config\Paths))
CRITICAL - 2024-11-06 22:53:19 --> [Caused by] mysqli_sql_exception: Table 'crowdfunding.proyectos' doesn't exist
in SYSTEMPATH\Database\MySQLi\Connection.php on line 312.
 1 SYSTEMPATH\Database\MySQLi\Connection.php(312): mysqli->query('SELECT `proyectos`.*
FROM `proyectos`', 0)
 2 SYSTEMPATH\Database\BaseConnection.php(734): CodeIgniter\Database\MySQLi\Connection->execute('SELECT `proyectos`.*
FROM `proyectos`')
 3 SYSTEMPATH\Database\BaseConnection.php(648): CodeIgniter\Database\BaseConnection->simpleQuery('SELECT `proyectos`.*
FROM `proyectos`')
 4 SYSTEMPATH\Database\BaseBuilder.php(1644): CodeIgniter\Database\BaseConnection->query('SELECT `proyectos`.*
FROM `proyectos`', [], false)
 5 APPPATH\Models\ProjectModel.php(32): CodeIgniter\Database\BaseBuilder->get()
 6 APPPATH\Controllers\ProjectController.php(14): App\Models\ProjectModel->getProjects()
 7 SYSTEMPATH\CodeIgniter.php(933): App\Controllers\ProjectController->list()
 8 SYSTEMPATH\CodeIgniter.php(509): CodeIgniter\CodeIgniter->runController(Object(App\Controllers\ProjectController))
 9 SYSTEMPATH\CodeIgniter.php(355): CodeIgniter\CodeIgniter->handleRequest(null, Object(Config\Cache), false)
10 SYSTEMPATH\Boot.php(325): CodeIgniter\CodeIgniter->run()
11 SYSTEMPATH\Boot.php(67): CodeIgniter\Boot::runCodeIgniter(Object(CodeIgniter\CodeIgniter))
12 FCPATH\index.php(56): CodeIgniter\Boot::bootWeb(Object(Config\Paths))
ERROR - 2024-11-06 22:54:04 --> Error connecting to the database: mysqli_sql_exception: Unknown database 'crowdfunding' in C:\wamp64\www\crowdfounding\system\Database\MySQLi\Connection.php:186
Stack trace:
#0 C:\wamp64\www\crowdfounding\system\Database\MySQLi\Connection.php(186): mysqli->real_connect('localhost', 'root', Object(SensitiveParameterValue), 'crowdfunding', 3308, '', 0)
#1 C:\wamp64\www\crowdfounding\system\Database\BaseConnection.php(421): CodeIgniter\Database\MySQLi\Connection->connect(false)
#2 C:\wamp64\www\crowdfounding\system\Database\BaseConnection.php(616): CodeIgniter\Database\BaseConnection->initialize()
#3 C:\wamp64\www\crowdfounding\system\Database\BaseBuilder.php(1644): CodeIgniter\Database\BaseConnection->query('SELECT `proyect...', Array, false)
#4 C:\wamp64\www\crowdfounding\app\Models\ProjectModel.php(32): CodeIgniter\Database\BaseBuilder->get()
#5 C:\wamp64\www\crowdfounding\app\Controllers\ProjectController.php(14): App\Models\ProjectModel->getProjects()
#6 C:\wamp64\www\crowdfounding\system\CodeIgniter.php(933): App\Controllers\ProjectController->list()
#7 C:\wamp64\www\crowdfounding\system\CodeIgniter.php(509): CodeIgniter\CodeIgniter->runController(Object(App\Controllers\ProjectController))
#8 C:\wamp64\www\crowdfounding\system\CodeIgniter.php(355): CodeIgniter\CodeIgniter->handleRequest(NULL, Object(Config\Cache), false)
#9 C:\wamp64\www\crowdfounding\system\Boot.php(325): CodeIgniter\CodeIgniter->run()
#10 C:\wamp64\www\crowdfounding\system\Boot.php(67): CodeIgniter\Boot::runCodeIgniter(Object(CodeIgniter\CodeIgniter))
#11 C:\wamp64\www\crowdfounding\public\index.php(56): CodeIgniter\Boot::bootWeb(Object(Config\Paths))
#12 {main}

Next CodeIgniter\Database\Exceptions\DatabaseException: Unknown database 'crowdfunding' in C:\wamp64\www\crowdfounding\system\Database\MySQLi\Connection.php:231
Stack trace:
#0 C:\wamp64\www\crowdfounding\system\Database\BaseConnection.php(421): CodeIgniter\Database\MySQLi\Connection->connect(false)
#1 C:\wamp64\www\crowdfounding\system\Database\BaseConnection.php(616): CodeIgniter\Database\BaseConnection->initialize()
#2 C:\wamp64\www\crowdfounding\system\Database\BaseBuilder.php(1644): CodeIgniter\Database\BaseConnection->query('SELECT `proyect...', Array, false)
#3 C:\wamp64\www\crowdfounding\app\Models\ProjectModel.php(32): CodeIgniter\Database\BaseBuilder->get()
#4 C:\wamp64\www\crowdfounding\app\Controllers\ProjectController.php(14): App\Models\ProjectModel->getProjects()
#5 C:\wamp64\www\crowdfounding\system\CodeIgniter.php(933): App\Controllers\ProjectController->list()
#6 C:\wamp64\www\crowdfounding\system\CodeIgniter.php(509): CodeIgniter\CodeIgniter->runController(Object(App\Controllers\ProjectController))
#7 C:\wamp64\www\crowdfounding\system\CodeIgniter.php(355): CodeIgniter\CodeIgniter->handleRequest(NULL, Object(Config\Cache), false)
#8 C:\wamp64\www\crowdfounding\system\Boot.php(325): CodeIgniter\CodeIgniter->run()
#9 C:\wamp64\www\crowdfounding\system\Boot.php(67): CodeIgniter\Boot::runCodeIgniter(Object(CodeIgniter\CodeIgniter))
#10 C:\wamp64\www\crowdfounding\public\index.php(56): CodeIgniter\Boot::bootWeb(Object(Config\Paths))
#11 {main}
CRITICAL - 2024-11-06 22:54:04 --> CodeIgniter\Database\Exceptions\DatabaseException: Unable to connect to the database.
Main connection [MySQLi]: Unknown database 'crowdfunding'
[Method: GET, Route: myprojects]
in SYSTEMPATH\Database\BaseConnection.php on line 467.
 1 SYSTEMPATH\Database\BaseConnection.php(616): CodeIgniter\Database\BaseConnection->initialize()
 2 SYSTEMPATH\Database\BaseBuilder.php(1644): CodeIgniter\Database\BaseConnection->query('SELECT `proyectos`.*
FROM `proyectos`', [], false)
 3 APPPATH\Models\ProjectModel.php(32): CodeIgniter\Database\BaseBuilder->get()
 4 APPPATH\Controllers\ProjectController.php(14): App\Models\ProjectModel->getProjects()
 5 SYSTEMPATH\CodeIgniter.php(933): App\Controllers\ProjectController->list()
 6 SYSTEMPATH\CodeIgniter.php(509): CodeIgniter\CodeIgniter->runController(Object(App\Controllers\ProjectController))
 7 SYSTEMPATH\CodeIgniter.php(355): CodeIgniter\CodeIgniter->handleRequest(null, Object(Config\Cache), false)
 8 SYSTEMPATH\Boot.php(325): CodeIgniter\CodeIgniter->run()
 9 SYSTEMPATH\Boot.php(67): CodeIgniter\Boot::runCodeIgniter(Object(CodeIgniter\CodeIgniter))
10 FCPATH\index.php(56): CodeIgniter\Boot::bootWeb(Object(Config\Paths))
ERROR - 2024-11-06 22:54:06 --> Error connecting to the database: mysqli_sql_exception: Unknown database 'crowdfunding' in C:\wamp64\www\crowdfounding\system\Database\MySQLi\Connection.php:186
Stack trace:
#0 C:\wamp64\www\crowdfounding\system\Database\MySQLi\Connection.php(186): mysqli->real_connect('localhost', 'root', Object(SensitiveParameterValue), 'crowdfunding', 3308, '', 0)
#1 C:\wamp64\www\crowdfounding\system\Database\BaseConnection.php(421): CodeIgniter\Database\MySQLi\Connection->connect(false)
#2 C:\wamp64\www\crowdfounding\system\Database\BaseConnection.php(616): CodeIgniter\Database\BaseConnection->initialize()
#3 C:\wamp64\www\crowdfounding\system\Database\BaseBuilder.php(1644): CodeIgniter\Database\BaseConnection->query('SELECT `proyect...', Array, false)
#4 C:\wamp64\www\crowdfounding\app\Models\ProjectModel.php(32): CodeIgniter\Database\BaseBuilder->get()
#5 C:\wamp64\www\crowdfounding\app\Controllers\ProjectController.php(14): App\Models\ProjectModel->getProjects()
#6 C:\wamp64\www\crowdfounding\system\CodeIgniter.php(933): App\Controllers\ProjectController->list()
#7 C:\wamp64\www\crowdfounding\system\CodeIgniter.php(509): CodeIgniter\CodeIgniter->runController(Object(App\Controllers\ProjectController))
#8 C:\wamp64\www\crowdfounding\system\CodeIgniter.php(355): CodeIgniter\CodeIgniter->handleRequest(NULL, Object(Config\Cache), false)
#9 C:\wamp64\www\crowdfounding\system\Boot.php(325): CodeIgniter\CodeIgniter->run()
#10 C:\wamp64\www\crowdfounding\system\Boot.php(67): CodeIgniter\Boot::runCodeIgniter(Object(CodeIgniter\CodeIgniter))
#11 C:\wamp64\www\crowdfounding\public\index.php(56): CodeIgniter\Boot::bootWeb(Object(Config\Paths))
#12 {main}

Next CodeIgniter\Database\Exceptions\DatabaseException: Unknown database 'crowdfunding' in C:\wamp64\www\crowdfounding\system\Database\MySQLi\Connection.php:231
Stack trace:
#0 C:\wamp64\www\crowdfounding\system\Database\BaseConnection.php(421): CodeIgniter\Database\MySQLi\Connection->connect(false)
#1 C:\wamp64\www\crowdfounding\system\Database\BaseConnection.php(616): CodeIgniter\Database\BaseConnection->initialize()
#2 C:\wamp64\www\crowdfounding\system\Database\BaseBuilder.php(1644): CodeIgniter\Database\BaseConnection->query('SELECT `proyect...', Array, false)
#3 C:\wamp64\www\crowdfounding\app\Models\ProjectModel.php(32): CodeIgniter\Database\BaseBuilder->get()
#4 C:\wamp64\www\crowdfounding\app\Controllers\ProjectController.php(14): App\Models\ProjectModel->getProjects()
#5 C:\wamp64\www\crowdfounding\system\CodeIgniter.php(933): App\Controllers\ProjectController->list()
#6 C:\wamp64\www\crowdfounding\system\CodeIgniter.php(509): CodeIgniter\CodeIgniter->runController(Object(App\Controllers\ProjectController))
#7 C:\wamp64\www\crowdfounding\system\CodeIgniter.php(355): CodeIgniter\CodeIgniter->handleRequest(NULL, Object(Config\Cache), false)
#8 C:\wamp64\www\crowdfounding\system\Boot.php(325): CodeIgniter\CodeIgniter->run()
#9 C:\wamp64\www\crowdfounding\system\Boot.php(67): CodeIgniter\Boot::runCodeIgniter(Object(CodeIgniter\CodeIgniter))
#10 C:\wamp64\www\crowdfounding\public\index.php(56): CodeIgniter\Boot::bootWeb(Object(Config\Paths))
#11 {main}
CRITICAL - 2024-11-06 22:54:06 --> CodeIgniter\Database\Exceptions\DatabaseException: Unable to connect to the database.
Main connection [MySQLi]: Unknown database 'crowdfunding'
[Method: GET, Route: myprojects]
in SYSTEMPATH\Database\BaseConnection.php on line 467.
 1 SYSTEMPATH\Database\BaseConnection.php(616): CodeIgniter\Database\BaseConnection->initialize()
 2 SYSTEMPATH\Database\BaseBuilder.php(1644): CodeIgniter\Database\BaseConnection->query('SELECT `proyectos`.*
FROM `proyectos`', [], false)
 3 APPPATH\Models\ProjectModel.php(32): CodeIgniter\Database\BaseBuilder->get()
 4 APPPATH\Controllers\ProjectController.php(14): App\Models\ProjectModel->getProjects()
 5 SYSTEMPATH\CodeIgniter.php(933): App\Controllers\ProjectController->list()
 6 SYSTEMPATH\CodeIgniter.php(509): CodeIgniter\CodeIgniter->runController(Object(App\Controllers\ProjectController))
 7 SYSTEMPATH\CodeIgniter.php(355): CodeIgniter\CodeIgniter->handleRequest(null, Object(Config\Cache), false)
 8 SYSTEMPATH\Boot.php(325): CodeIgniter\CodeIgniter->run()
 9 SYSTEMPATH\Boot.php(67): CodeIgniter\Boot::runCodeIgniter(Object(CodeIgniter\CodeIgniter))
10 FCPATH\index.php(56): CodeIgniter\Boot::bootWeb(Object(Config\Paths))
ERROR - 2024-11-06 22:57:52 --> Error connecting to the database: mysqli_sql_exception: Unknown database 'crowdfunding' in C:\wamp64\www\crowdfounding\system\Database\MySQLi\Connection.php:186
Stack trace:
#0 C:\wamp64\www\crowdfounding\system\Database\MySQLi\Connection.php(186): mysqli->real_connect('localhost', 'root', Object(SensitiveParameterValue), 'crowdfunding', 3308, '', 0)
#1 C:\wamp64\www\crowdfounding\system\Database\BaseConnection.php(421): CodeIgniter\Database\MySQLi\Connection->connect(false)
#2 C:\wamp64\www\crowdfounding\system\Database\BaseConnection.php(616): CodeIgniter\Database\BaseConnection->initialize()
#3 C:\wamp64\www\crowdfounding\system\Database\BaseBuilder.php(1644): CodeIgniter\Database\BaseConnection->query('SELECT `proyect...', Array, false)
#4 C:\wamp64\www\crowdfounding\app\Models\ProjectModel.php(32): CodeIgniter\Database\BaseBuilder->get()
#5 C:\wamp64\www\crowdfounding\app\Controllers\ProjectController.php(14): App\Models\ProjectModel->getProjects()
#6 C:\wamp64\www\crowdfounding\system\CodeIgniter.php(933): App\Controllers\ProjectController->list()
#7 C:\wamp64\www\crowdfounding\system\CodeIgniter.php(509): CodeIgniter\CodeIgniter->runController(Object(App\Controllers\ProjectController))
#8 C:\wamp64\www\crowdfounding\system\CodeIgniter.php(355): CodeIgniter\CodeIgniter->handleRequest(NULL, Object(Config\Cache), false)
#9 C:\wamp64\www\crowdfounding\system\Boot.php(325): CodeIgniter\CodeIgniter->run()
#10 C:\wamp64\www\crowdfounding\system\Boot.php(67): CodeIgniter\Boot::runCodeIgniter(Object(CodeIgniter\CodeIgniter))
#11 C:\wamp64\www\crowdfounding\public\index.php(56): CodeIgniter\Boot::bootWeb(Object(Config\Paths))
#12 {main}

Next CodeIgniter\Database\Exceptions\DatabaseException: Unknown database 'crowdfunding' in C:\wamp64\www\crowdfounding\system\Database\MySQLi\Connection.php:231
Stack trace:
#0 C:\wamp64\www\crowdfounding\system\Database\BaseConnection.php(421): CodeIgniter\Database\MySQLi\Connection->connect(false)
#1 C:\wamp64\www\crowdfounding\system\Database\BaseConnection.php(616): CodeIgniter\Database\BaseConnection->initialize()
#2 C:\wamp64\www\crowdfounding\system\Database\BaseBuilder.php(1644): CodeIgniter\Database\BaseConnection->query('SELECT `proyect...', Array, false)
#3 C:\wamp64\www\crowdfounding\app\Models\ProjectModel.php(32): CodeIgniter\Database\BaseBuilder->get()
#4 C:\wamp64\www\crowdfounding\app\Controllers\ProjectController.php(14): App\Models\ProjectModel->getProjects()
#5 C:\wamp64\www\crowdfounding\system\CodeIgniter.php(933): App\Controllers\ProjectController->list()
#6 C:\wamp64\www\crowdfounding\system\CodeIgniter.php(509): CodeIgniter\CodeIgniter->runController(Object(App\Controllers\ProjectController))
#7 C:\wamp64\www\crowdfounding\system\CodeIgniter.php(355): CodeIgniter\CodeIgniter->handleRequest(NULL, Object(Config\Cache), false)
#8 C:\wamp64\www\crowdfounding\system\Boot.php(325): CodeIgniter\CodeIgniter->run()
#9 C:\wamp64\www\crowdfounding\system\Boot.php(67): CodeIgniter\Boot::runCodeIgniter(Object(CodeIgniter\CodeIgniter))
#10 C:\wamp64\www\crowdfounding\public\index.php(56): CodeIgniter\Boot::bootWeb(Object(Config\Paths))
#11 {main}
CRITICAL - 2024-11-06 22:57:52 --> CodeIgniter\Database\Exceptions\DatabaseException: Unable to connect to the database.
Main connection [MySQLi]: Unknown database 'crowdfunding'
[Method: GET, Route: myprojects]
in SYSTEMPATH\Database\BaseConnection.php on line 467.
 1 SYSTEMPATH\Database\BaseConnection.php(616): CodeIgniter\Database\BaseConnection->initialize()
 2 SYSTEMPATH\Database\BaseBuilder.php(1644): CodeIgniter\Database\BaseConnection->query('SELECT `proyectos`.*
FROM `proyectos`', [], false)
 3 APPPATH\Models\ProjectModel.php(32): CodeIgniter\Database\BaseBuilder->get()
 4 APPPATH\Controllers\ProjectController.php(14): App\Models\ProjectModel->getProjects()
 5 SYSTEMPATH\CodeIgniter.php(933): App\Controllers\ProjectController->list()
 6 SYSTEMPATH\CodeIgniter.php(509): CodeIgniter\CodeIgniter->runController(Object(App\Controllers\ProjectController))
 7 SYSTEMPATH\CodeIgniter.php(355): CodeIgniter\CodeIgniter->handleRequest(null, Object(Config\Cache), false)
 8 SYSTEMPATH\Boot.php(325): CodeIgniter\CodeIgniter->run()
 9 SYSTEMPATH\Boot.php(67): CodeIgniter\Boot::runCodeIgniter(Object(CodeIgniter\CodeIgniter))
10 FCPATH\index.php(56): CodeIgniter\Boot::bootWeb(Object(Config\Paths))
CRITICAL - 2024-11-06 23:45:25 --> ParseError: syntax error, unexpected token "/"
[Method: GET, Route: register]
in APPPATH\Views\session\register.php on line 51.
 1 SYSTEMPATH\View\View.php(237): CodeIgniter\View\View->CodeIgniter\View\{closure}()
 2 SYSTEMPATH\Common.php(1171): CodeIgniter\View\View->render('session/register', [], true)
 3 APPPATH\Controllers\LoginController.php(16): view('session/register', [...])
 4 SYSTEMPATH\CodeIgniter.php(933): App\Controllers\LoginController->register()
 5 SYSTEMPATH\CodeIgniter.php(509): CodeIgniter\CodeIgniter->runController(Object(App\Controllers\LoginController))
 6 SYSTEMPATH\CodeIgniter.php(355): CodeIgniter\CodeIgniter->handleRequest(null, Object(Config\Cache), false)
 7 SYSTEMPATH\Boot.php(325): CodeIgniter\CodeIgniter->run()
 8 SYSTEMPATH\Boot.php(67): CodeIgniter\Boot::runCodeIgniter(Object(CodeIgniter\CodeIgniter))
 9 FCPATH\index.php(56): CodeIgniter\Boot::bootWeb(Object(Config\Paths))
CRITICAL - 2024-11-06 23:45:25 --> ParseError: syntax error, unexpected token "/"
[Method: GET, Route: register]
in APPPATH\Views\session\register.php on line 51.
 1 SYSTEMPATH\View\View.php(237): CodeIgniter\View\View->CodeIgniter\View\{closure}()
 2 SYSTEMPATH\Common.php(1171): CodeIgniter\View\View->render('session/register', [], true)
 3 APPPATH\Controllers\LoginController.php(16): view('session/register', [...])
 4 SYSTEMPATH\CodeIgniter.php(933): App\Controllers\LoginController->register()
 5 SYSTEMPATH\CodeIgniter.php(509): CodeIgniter\CodeIgniter->runController(Object(App\Controllers\LoginController))
 6 SYSTEMPATH\CodeIgniter.php(355): CodeIgniter\CodeIgniter->handleRequest(null, Object(Config\Cache), false)
 7 SYSTEMPATH\Boot.php(325): CodeIgniter\CodeIgniter->run()
 8 SYSTEMPATH\Boot.php(67): CodeIgniter\Boot::runCodeIgniter(Object(CodeIgniter\CodeIgniter))
 9 FCPATH\index.php(56): CodeIgniter\Boot::bootWeb(Object(Config\Paths))
CRITICAL - 2024-11-06 23:45:31 --> ParseError: syntax error, unexpected token "/"
[Method: GET, Route: register]
in APPPATH\Views\session\register.php on line 51.
 1 SYSTEMPATH\View\View.php(237): CodeIgniter\View\View->CodeIgniter\View\{closure}()
 2 SYSTEMPATH\Common.php(1171): CodeIgniter\View\View->render('session/register', [], true)
 3 APPPATH\Controllers\LoginController.php(16): view('session/register', [...])
 4 SYSTEMPATH\CodeIgniter.php(933): App\Controllers\LoginController->register()
 5 SYSTEMPATH\CodeIgniter.php(509): CodeIgniter\CodeIgniter->runController(Object(App\Controllers\LoginController))
 6 SYSTEMPATH\CodeIgniter.php(355): CodeIgniter\CodeIgniter->handleRequest(null, Object(Config\Cache), false)
 7 SYSTEMPATH\Boot.php(325): CodeIgniter\CodeIgniter->run()
 8 SYSTEMPATH\Boot.php(67): CodeIgniter\Boot::runCodeIgniter(Object(CodeIgniter\CodeIgniter))
 9 FCPATH\index.php(56): CodeIgniter\Boot::bootWeb(Object(Config\Paths))
CRITICAL - 2024-11-06 23:45:31 --> ParseError: syntax error, unexpected token "/"
[Method: GET, Route: register]
in APPPATH\Views\session\register.php on line 51.
 1 SYSTEMPATH\View\View.php(237): CodeIgniter\View\View->CodeIgniter\View\{closure}()
 2 SYSTEMPATH\Common.php(1171): CodeIgniter\View\View->render('session/register', [], true)
 3 APPPATH\Controllers\LoginController.php(16): view('session/register', [...])
 4 SYSTEMPATH\CodeIgniter.php(933): App\Controllers\LoginController->register()
 5 SYSTEMPATH\CodeIgniter.php(509): CodeIgniter\CodeIgniter->runController(Object(App\Controllers\LoginController))
 6 SYSTEMPATH\CodeIgniter.php(355): CodeIgniter\CodeIgniter->handleRequest(null, Object(Config\Cache), false)
 7 SYSTEMPATH\Boot.php(325): CodeIgniter\CodeIgniter->run()
 8 SYSTEMPATH\Boot.php(67): CodeIgniter\Boot::runCodeIgniter(Object(CodeIgniter\CodeIgniter))
 9 FCPATH\index.php(56): CodeIgniter\Boot::bootWeb(Object(Config\Paths))
>>>>>>> register
