CRITICAL - 2024-11-05 00:05:57 --> ErrorException: Undefined property: stdClass::$RECAUDADO
[Method: GET, Route: MyProjects]
in APPPATH\Models\ProjectModel.php on line 46.
 1 APPPATH\Models\ProjectModel.php(46): CodeIgniter\Debug\Exceptions->errorHandler(2, 'Undefined property: stdClass::$RECAUDADO', 'C:\\wamp64\\www\\crowfounding\\app\\Models\\ProjectModel.php', 46)
 2 APPPATH\Controllers\ProjectController.php(12): App\Models\ProjectModel->getProjects()
 3 SYSTEMPATH\CodeIgniter.php(933): App\Controllers\ProjectController->list()
 4 SYSTEMPATH\CodeIgniter.php(509): CodeIgniter\CodeIgniter->runController(Object(App\Controllers\ProjectController))
 5 SYSTEMPATH\CodeIgniter.php(355): CodeIgniter\CodeIgniter->handleRequest(null, Object(Config\Cache), false)
 6 SYSTEMPATH\Boot.php(325): CodeIgniter\CodeIgniter->run()
 7 SYSTEMPATH\Boot.php(67): CodeIgniter\Boot::runCodeIgniter(Object(CodeIgniter\CodeIgniter))
 8 FCPATH\index.php(56): CodeIgniter\Boot::bootWeb(Object(Config\Paths))
CRITICAL - 2024-11-05 00:06:31 --> ErrorException: Undefined property: stdClass::$COMPLETADO
[Method: GET, Route: MyProjects]
in APPPATH\Models\ProjectModel.php on line 46.
 1 APPPATH\Models\ProjectModel.php(46): CodeIgniter\Debug\Exceptions->errorHandler(2, 'Undefined property: stdClass::$COMPLETADO', 'C:\\wamp64\\www\\crowfounding\\app\\Models\\ProjectModel.php', 46)
 2 APPPATH\Controllers\ProjectController.php(12): App\Models\ProjectModel->getProjects()
 3 SYSTEMPATH\CodeIgniter.php(933): App\Controllers\ProjectController->list()
 4 SYSTEMPATH\CodeIgniter.php(509): CodeIgniter\CodeIgniter->runController(Object(App\Controllers\ProjectController))
 5 SYSTEMPATH\CodeIgniter.php(355): CodeIgniter\CodeIgniter->handleRequest(null, Object(Config\Cache), false)
 6 SYSTEMPATH\Boot.php(325): CodeIgniter\CodeIgniter->run()
 7 SYSTEMPATH\Boot.php(67): CodeIgniter\Boot::runCodeIgniter(Object(CodeIgniter\CodeIgniter))
 8 FCPATH\index.php(56): CodeIgniter\Boot::bootWeb(Object(Config\Paths))
CRITICAL - 2024-11-05 00:07:19 --> ErrorException: Undefined array key "NOMBRE"
[Method: GET, Route: MyProjects]
in APPPATH\Views\project\myProjectList.php on line 64.
 1 APPPATH\Views\project\myProjectList.php(64): CodeIgniter\Debug\Exceptions->errorHandler(2, 'Undefined array key "NOMBRE"', 'C:\\wamp64\\www\\crowfounding\\app\\Views\\project\\myProjectList.php', 64)
 2 SYSTEMPATH\View\View.php(234): include('C:\\wamp64\\www\\crowfounding\\app\\Views\\project\\myProjectList.php')
 3 SYSTEMPATH\View\View.php(237): CodeIgniter\View\View->CodeIgniter\View\{closure}()
 4 SYSTEMPATH\Common.php(1171): CodeIgniter\View\View->render('project/myProjectList', [], true)
 5 APPPATH\Controllers\ProjectController.php(19): view('project/myProjectList', [...])
 6 SYSTEMPATH\CodeIgniter.php(933): App\Controllers\ProjectController->list()
 7 SYSTEMPATH\CodeIgniter.php(509): CodeIgniter\CodeIgniter->runController(Object(App\Controllers\ProjectController))
 8 SYSTEMPATH\CodeIgniter.php(355): CodeIgniter\CodeIgniter->handleRequest(null, Object(Config\Cache), false)
 9 SYSTEMPATH\Boot.php(325): CodeIgniter\CodeIgniter->run()
10 SYSTEMPATH\Boot.php(67): CodeIgniter\Boot::runCodeIgniter(Object(CodeIgniter\CodeIgniter))
11 FCPATH\index.php(56): CodeIgniter\Boot::bootWeb(Object(Config\Paths))
CRITICAL - 2024-11-05 00:07:21 --> ErrorException: Undefined array key "NOMBRE"
[Method: GET, Route: MyProjects]
in APPPATH\Views\project\myProjectList.php on line 64.
 1 APPPATH\Views\project\myProjectList.php(64): CodeIgniter\Debug\Exceptions->errorHandler(2, 'Undefined array key "NOMBRE"', 'C:\\wamp64\\www\\crowfounding\\app\\Views\\project\\myProjectList.php', 64)
 2 SYSTEMPATH\View\View.php(234): include('C:\\wamp64\\www\\crowfounding\\app\\Views\\project\\myProjectList.php')
 3 SYSTEMPATH\View\View.php(237): CodeIgniter\View\View->CodeIgniter\View\{closure}()
 4 SYSTEMPATH\Common.php(1171): CodeIgniter\View\View->render('project/myProjectList', [], true)
 5 APPPATH\Controllers\ProjectController.php(19): view('project/myProjectList', [...])
 6 SYSTEMPATH\CodeIgniter.php(933): App\Controllers\ProjectController->list()
 7 SYSTEMPATH\CodeIgniter.php(509): CodeIgniter\CodeIgniter->runController(Object(App\Controllers\ProjectController))
 8 SYSTEMPATH\CodeIgniter.php(355): CodeIgniter\CodeIgniter->handleRequest(null, Object(Config\Cache), false)
 9 SYSTEMPATH\Boot.php(325): CodeIgniter\CodeIgniter->run()
10 SYSTEMPATH\Boot.php(67): CodeIgniter\Boot::runCodeIgniter(Object(CodeIgniter\CodeIgniter))
11 FCPATH\index.php(56): CodeIgniter\Boot::bootWeb(Object(Config\Paths))
CRITICAL - 2024-11-05 00:36:43 --> ErrorException: Attempt to read property "NOMBRE" on array
[Method: GET, Route: MyProjects]
in APPPATH\Views\project\myProjectList.php on line 64.
 1 APPPATH\Views\project\myProjectList.php(64): CodeIgniter\Debug\Exceptions->errorHandler(2, 'Attempt to read property "NOMBRE" on array', 'C:\\wamp64\\www\\crowfounding\\app\\Views\\project\\myProjectList.php', 64)
 2 SYSTEMPATH\View\View.php(234): include('C:\\wamp64\\www\\crowfounding\\app\\Views\\project\\myProjectList.php')
 3 SYSTEMPATH\View\View.php(237): CodeIgniter\View\View->CodeIgniter\View\{closure}()
 4 SYSTEMPATH\Common.php(1171): CodeIgniter\View\View->render('project/myProjectList', [], true)
 5 APPPATH\Controllers\ProjectController.php(19): view('project/myProjectList', [...])
 6 SYSTEMPATH\CodeIgniter.php(933): App\Controllers\ProjectController->list()
 7 SYSTEMPATH\CodeIgniter.php(509): CodeIgniter\CodeIgniter->runController(Object(App\Controllers\ProjectController))
 8 SYSTEMPATH\CodeIgniter.php(355): CodeIgniter\CodeIgniter->handleRequest(null, Object(Config\Cache), false)
 9 SYSTEMPATH\Boot.php(325): CodeIgniter\CodeIgniter->run()
10 SYSTEMPATH\Boot.php(67): CodeIgniter\Boot::runCodeIgniter(Object(CodeIgniter\CodeIgniter))
11 FCPATH\index.php(56): CodeIgniter\Boot::bootWeb(Object(Config\Paths))
CRITICAL - 2024-11-05 00:36:44 --> ErrorException: Attempt to read property "NOMBRE" on array
[Method: GET, Route: MyProjects]
in APPPATH\Views\project\myProjectList.php on line 64.
 1 APPPATH\Views\project\myProjectList.php(64): CodeIgniter\Debug\Exceptions->errorHandler(2, 'Attempt to read property "NOMBRE" on array', 'C:\\wamp64\\www\\crowfounding\\app\\Views\\project\\myProjectList.php', 64)
 2 SYSTEMPATH\View\View.php(234): include('C:\\wamp64\\www\\crowfounding\\app\\Views\\project\\myProjectList.php')
 3 SYSTEMPATH\View\View.php(237): CodeIgniter\View\View->CodeIgniter\View\{closure}()
 4 SYSTEMPATH\Common.php(1171): CodeIgniter\View\View->render('project/myProjectList', [], true)
 5 APPPATH\Controllers\ProjectController.php(19): view('project/myProjectList', [...])
 6 SYSTEMPATH\CodeIgniter.php(933): App\Controllers\ProjectController->list()
 7 SYSTEMPATH\CodeIgniter.php(509): CodeIgniter\CodeIgniter->runController(Object(App\Controllers\ProjectController))
 8 SYSTEMPATH\CodeIgniter.php(355): CodeIgniter\CodeIgniter->handleRequest(null, Object(Config\Cache), false)
 9 SYSTEMPATH\Boot.php(325): CodeIgniter\CodeIgniter->run()
10 SYSTEMPATH\Boot.php(67): CodeIgniter\Boot::runCodeIgniter(Object(CodeIgniter\CodeIgniter))
11 FCPATH\index.php(56): CodeIgniter\Boot::bootWeb(Object(Config\Paths))
CRITICAL - 2024-11-05 00:37:20 --> Error: Cannot use object of type stdClass as array
[Method: GET, Route: MyProjects]
in APPPATH\Views\project\myProjectList.php on line 75.
 1 SYSTEMPATH\View\View.php(234): include()
 2 SYSTEMPATH\View\View.php(237): CodeIgniter\View\View->CodeIgniter\View\{closure}()
 3 SYSTEMPATH\Common.php(1171): CodeIgniter\View\View->render('project/myProjectList', [], true)
 4 APPPATH\Controllers\ProjectController.php(19): view('project/myProjectList', [...])
 5 SYSTEMPATH\CodeIgniter.php(933): App\Controllers\ProjectController->list()
 6 SYSTEMPATH\CodeIgniter.php(509): CodeIgniter\CodeIgniter->runController(Object(App\Controllers\ProjectController))
 7 SYSTEMPATH\CodeIgniter.php(355): CodeIgniter\CodeIgniter->handleRequest(null, Object(Config\Cache), false)
 8 SYSTEMPATH\Boot.php(325): CodeIgniter\CodeIgniter->run()
 9 SYSTEMPATH\Boot.php(67): CodeIgniter\Boot::runCodeIgniter(Object(CodeIgniter\CodeIgniter))
10 FCPATH\index.php(56): CodeIgniter\Boot::bootWeb(Object(Config\Paths))
CRITICAL - 2024-11-05 01:02:51 --> Error: Cannot use object of type stdClass as array
[Method: GET, Route: MyProjects]
in APPPATH\Views\project\myProjectList.php on line 75.
 1 SYSTEMPATH\View\View.php(234): include()
 2 SYSTEMPATH\View\View.php(237): CodeIgniter\View\View->CodeIgniter\View\{closure}()
 3 SYSTEMPATH\Common.php(1171): CodeIgniter\View\View->render('project/myProjectList', [], true)
 4 APPPATH\Controllers\ProjectController.php(21): view('project/myProjectList', [...])
 5 SYSTEMPATH\CodeIgniter.php(933): App\Controllers\ProjectController->list()
 6 SYSTEMPATH\CodeIgniter.php(509): CodeIgniter\CodeIgniter->runController(Object(App\Controllers\ProjectController))
 7 SYSTEMPATH\CodeIgniter.php(355): CodeIgniter\CodeIgniter->handleRequest(null, Object(Config\Cache), false)
 8 SYSTEMPATH\Boot.php(325): CodeIgniter\CodeIgniter->run()
 9 SYSTEMPATH\Boot.php(67): CodeIgniter\Boot::runCodeIgniter(Object(CodeIgniter\CodeIgniter))
10 FCPATH\index.php(56): CodeIgniter\Boot::bootWeb(Object(Config\Paths))
CRITICAL - 2024-11-05 01:02:52 --> Error: Cannot use object of type stdClass as array
[Method: GET, Route: MyProjects]
in APPPATH\Views\project\myProjectList.php on line 75.
 1 SYSTEMPATH\View\View.php(234): include()
 2 SYSTEMPATH\View\View.php(237): CodeIgniter\View\View->CodeIgniter\View\{closure}()
 3 SYSTEMPATH\Common.php(1171): CodeIgniter\View\View->render('project/myProjectList', [], true)
 4 APPPATH\Controllers\ProjectController.php(21): view('project/myProjectList', [...])
 5 SYSTEMPATH\CodeIgniter.php(933): App\Controllers\ProjectController->list()
 6 SYSTEMPATH\CodeIgniter.php(509): CodeIgniter\CodeIgniter->runController(Object(App\Controllers\ProjectController))
 7 SYSTEMPATH\CodeIgniter.php(355): CodeIgniter\CodeIgniter->handleRequest(null, Object(Config\Cache), false)
 8 SYSTEMPATH\Boot.php(325): CodeIgniter\CodeIgniter->run()
 9 SYSTEMPATH\Boot.php(67): CodeIgniter\Boot::runCodeIgniter(Object(CodeIgniter\CodeIgniter))
10 FCPATH\index.php(56): CodeIgniter\Boot::bootWeb(Object(Config\Paths))
CRITICAL - 2024-11-05 01:02:53 --> Error: Cannot use object of type stdClass as array
[Method: GET, Route: MyProjects]
in APPPATH\Views\project\myProjectList.php on line 75.
 1 SYSTEMPATH\View\View.php(234): include()
 2 SYSTEMPATH\View\View.php(237): CodeIgniter\View\View->CodeIgniter\View\{closure}()
 3 SYSTEMPATH\Common.php(1171): CodeIgniter\View\View->render('project/myProjectList', [], true)
 4 APPPATH\Controllers\ProjectController.php(21): view('project/myProjectList', [...])
 5 SYSTEMPATH\CodeIgniter.php(933): App\Controllers\ProjectController->list()
 6 SYSTEMPATH\CodeIgniter.php(509): CodeIgniter\CodeIgniter->runController(Object(App\Controllers\ProjectController))
 7 SYSTEMPATH\CodeIgniter.php(355): CodeIgniter\CodeIgniter->handleRequest(null, Object(Config\Cache), false)
 8 SYSTEMPATH\Boot.php(325): CodeIgniter\CodeIgniter->run()
 9 SYSTEMPATH\Boot.php(67): CodeIgniter\Boot::runCodeIgniter(Object(CodeIgniter\CodeIgniter))
10 FCPATH\index.php(56): CodeIgniter\Boot::bootWeb(Object(Config\Paths))
CRITICAL - 2024-11-05 01:03:23 --> Error: Object of class stdClass could not be converted to string
[Method: GET, Route: MyProjects]
in APPPATH\Views\project\myProjectList.php on line 76.
 1 SYSTEMPATH\View\View.php(234): include()
 2 SYSTEMPATH\View\View.php(237): CodeIgniter\View\View->CodeIgniter\View\{closure}()
 3 SYSTEMPATH\Common.php(1171): CodeIgniter\View\View->render('project/myProjectList', [], true)
 4 APPPATH\Controllers\ProjectController.php(21): view('project/myProjectList', [...])
 5 SYSTEMPATH\CodeIgniter.php(933): App\Controllers\ProjectController->list()
 6 SYSTEMPATH\CodeIgniter.php(509): CodeIgniter\CodeIgniter->runController(Object(App\Controllers\ProjectController))
 7 SYSTEMPATH\CodeIgniter.php(355): CodeIgniter\CodeIgniter->handleRequest(null, Object(Config\Cache), false)
 8 SYSTEMPATH\Boot.php(325): CodeIgniter\CodeIgniter->run()
 9 SYSTEMPATH\Boot.php(67): CodeIgniter\Boot::runCodeIgniter(Object(CodeIgniter\CodeIgniter))
10 FCPATH\index.php(56): CodeIgniter\Boot::bootWeb(Object(Config\Paths))
CRITICAL - 2024-11-05 01:03:24 --> Error: Object of class stdClass could not be converted to string
[Method: GET, Route: MyProjects]
in APPPATH\Views\project\myProjectList.php on line 76.
 1 SYSTEMPATH\View\View.php(234): include()
 2 SYSTEMPATH\View\View.php(237): CodeIgniter\View\View->CodeIgniter\View\{closure}()
 3 SYSTEMPATH\Common.php(1171): CodeIgniter\View\View->render('project/myProjectList', [], true)
 4 APPPATH\Controllers\ProjectController.php(21): view('project/myProjectList', [...])
 5 SYSTEMPATH\CodeIgniter.php(933): App\Controllers\ProjectController->list()
 6 SYSTEMPATH\CodeIgniter.php(509): CodeIgniter\CodeIgniter->runController(Object(App\Controllers\ProjectController))
 7 SYSTEMPATH\CodeIgniter.php(355): CodeIgniter\CodeIgniter->handleRequest(null, Object(Config\Cache), false)
 8 SYSTEMPATH\Boot.php(325): CodeIgniter\CodeIgniter->run()
 9 SYSTEMPATH\Boot.php(67): CodeIgniter\Boot::runCodeIgniter(Object(CodeIgniter\CodeIgniter))
10 FCPATH\index.php(56): CodeIgniter\Boot::bootWeb(Object(Config\Paths))
CRITICAL - 2024-11-05 01:07:10 --> Error: Object of class stdClass could not be converted to string
[Method: GET, Route: MyProjects]
in APPPATH\Views\project\myProjectList.php on line 76.
 1 SYSTEMPATH\View\View.php(234): include()
 2 SYSTEMPATH\View\View.php(237): CodeIgniter\View\View->CodeIgniter\View\{closure}()
 3 SYSTEMPATH\Common.php(1171): CodeIgniter\View\View->render('project/myProjectList', [], true)
 4 APPPATH\Controllers\ProjectController.php(21): view('project/myProjectList', [...])
 5 SYSTEMPATH\CodeIgniter.php(933): App\Controllers\ProjectController->list()
 6 SYSTEMPATH\CodeIgniter.php(509): CodeIgniter\CodeIgniter->runController(Object(App\Controllers\ProjectController))
 7 SYSTEMPATH\CodeIgniter.php(355): CodeIgniter\CodeIgniter->handleRequest(null, Object(Config\Cache), false)
 8 SYSTEMPATH\Boot.php(325): CodeIgniter\CodeIgniter->run()
 9 SYSTEMPATH\Boot.php(67): CodeIgniter\Boot::runCodeIgniter(Object(CodeIgniter\CodeIgniter))
10 FCPATH\index.php(56): CodeIgniter\Boot::bootWeb(Object(Config\Paths))
CRITICAL - 2024-11-05 01:07:11 --> Error: Object of class stdClass could not be converted to string
[Method: GET, Route: MyProjects]
in APPPATH\Views\project\myProjectList.php on line 76.
 1 SYSTEMPATH\View\View.php(234): include()
 2 SYSTEMPATH\View\View.php(237): CodeIgniter\View\View->CodeIgniter\View\{closure}()
 3 SYSTEMPATH\Common.php(1171): CodeIgniter\View\View->render('project/myProjectList', [], true)
 4 APPPATH\Controllers\ProjectController.php(21): view('project/myProjectList', [...])
 5 SYSTEMPATH\CodeIgniter.php(933): App\Controllers\ProjectController->list()
 6 SYSTEMPATH\CodeIgniter.php(509): CodeIgniter\CodeIgniter->runController(Object(App\Controllers\ProjectController))
 7 SYSTEMPATH\CodeIgniter.php(355): CodeIgniter\CodeIgniter->handleRequest(null, Object(Config\Cache), false)
 8 SYSTEMPATH\Boot.php(325): CodeIgniter\CodeIgniter->run()
 9 SYSTEMPATH\Boot.php(67): CodeIgniter\Boot::runCodeIgniter(Object(CodeIgniter\CodeIgniter))
10 FCPATH\index.php(56): CodeIgniter\Boot::bootWeb(Object(Config\Paths))
